2014-10-04 17:19:30	: SELECT * FROM config
2014-10-04 19:19:30	: included ./cache/modules.php file
2014-10-04 19:19:30	: included ./modules/users/users.exec.php file
2014-10-04 19:19:30	: 'Users' module is loaded
2014-10-04 19:19:30	: included ./modules/dgbase/dgbase.exec.php file
2014-10-04 19:19:30	: 'dgbase' module is loaded
2014-10-04 19:19:30	: start render page
2014-10-04 19:19:30	: user access level: 0
2014-10-04 19:19:30	: test function 'users_preload_page'
2014-10-04 19:19:30	: test function 'dgbase_preload_page'
2014-10-04 19:19:30	: test function 'users_start_build_header'
2014-10-04 19:19:30	: test function 'dgbase_start_build_header'
2014-10-04 19:19:30	: test function 'users_build_header'
2014-10-04 19:19:30	: test function 'dgbase_build_header'
2014-10-04 19:19:30	: call function 'dgbase_build_header' with param Array
2014-10-04 19:19:30	: <link rel='stylesheet' href='./modules/dgbase/dgbase.css' />
2014-10-04 19:19:30	: test function 'users_end_build_header'
2014-10-04 19:19:30	: test function 'dgbase_end_build_header'
2014-10-04 19:19:30	: style: 
2014-10-04 19:19:30	: test function 'users_start_build_menu'
2014-10-04 19:19:30	: test function 'dgbase_start_build_menu'
2014-10-04 19:19:30	: SELECT * FROM menu_links WHERE menu_link_level<=0 AND menu_link_group='primary' ORDER BY menu_link_weight ASC
2014-10-04 19:19:30	: test function 'users_build_menu'
2014-10-04 19:19:30	: test function 'dgbase_build_menu'
2014-10-04 19:19:30	: test function 'users_build_menu'
2014-10-04 19:19:30	: test function 'dgbase_build_menu'
2014-10-04 19:19:30	: test function 'users_end_build_menu'
2014-10-04 19:19:30	: call function 'users_end_build_menu' with param 
2014-10-04 19:19:30	: test function 'dgbase_end_build_menu'
2014-10-04 19:19:30	: test function 'users_postload_page'
2014-10-04 19:19:30	: test function 'dgbase_postload_page'
2014-10-04 17:20:29	: SELECT * FROM config
2014-10-04 19:20:29	: included ./cache/modules.php file
2014-10-04 19:20:29	: included ./modules/users/users.exec.php file
2014-10-04 19:20:29	: 'Users' module is loaded
2014-10-04 19:20:29	: included ./modules/dgbase/dgbase.exec.php file
2014-10-04 19:20:29	: 'dgbase' module is loaded
2014-10-04 19:20:29	: test function 'users_problems_show'
2014-10-04 19:20:29	: test function 'dgbase_problems_show'
2014-10-04 19:20:29	: call function 'dgbase_problems_show' with param 
2014-10-04 19:20:29	: show all problems
2014-10-04 19:20:29	: SELECT pid, fen, stipulation FROM problem_base LIMIT 12
2014-10-04 19:20:29	: start render page
2014-10-04 19:20:29	: user access level: 0
2014-10-04 19:20:29	: test function 'users_preload_page'
2014-10-04 19:20:29	: test function 'dgbase_preload_page'
2014-10-04 19:20:29	: test function 'users_start_build_header'
2014-10-04 19:20:29	: test function 'dgbase_start_build_header'
2014-10-04 19:20:29	: test function 'users_build_header'
2014-10-04 19:20:29	: test function 'dgbase_build_header'
2014-10-04 19:20:29	: call function 'dgbase_build_header' with param Array
2014-10-04 19:20:29	: <link rel='stylesheet' href='./modules/dgbase/dgbase.css' />
2014-10-04 19:20:29	: test function 'users_end_build_header'
2014-10-04 19:20:29	: test function 'dgbase_end_build_header'
2014-10-04 19:20:29	: style: 
2014-10-04 19:20:29	: test function 'users_start_build_menu'
2014-10-04 19:20:29	: test function 'dgbase_start_build_menu'
2014-10-04 19:20:29	: SELECT * FROM menu_links WHERE menu_link_level<=0 AND menu_link_group='primary' ORDER BY menu_link_weight ASC
2014-10-04 19:20:29	: test function 'users_build_menu'
2014-10-04 19:20:29	: test function 'dgbase_build_menu'
2014-10-04 19:20:29	: test function 'users_build_menu'
2014-10-04 19:20:29	: test function 'dgbase_build_menu'
2014-10-04 19:20:29	: test function 'users_end_build_menu'
2014-10-04 19:20:29	: call function 'users_end_build_menu' with param 
2014-10-04 19:20:29	: test function 'dgbase_end_build_menu'
2014-10-04 19:20:29	: test function 'users_postload_page'
2014-10-04 19:20:29	: test function 'dgbase_postload_page'
2014-10-04 17:22:19	: SELECT * FROM config
2014-10-04 19:22:19	: included ./cache/modules.php file
2014-10-04 19:22:19	: included ./modules/users/users.exec.php file
2014-10-04 19:22:19	: 'Users' module is loaded
2014-10-04 19:22:19	: included ./modules/dgbase/dgbase.exec.php file
2014-10-04 19:22:19	: 'dgbase' module is loaded
2014-10-04 19:22:19	: test function 'users_problems_show'
2014-10-04 19:22:19	: test function 'dgbase_problems_show'
2014-10-04 19:22:19	: call function 'dgbase_problems_show' with param 
2014-10-04 19:22:19	: show all problems
2014-10-04 19:22:19	: SELECT pid, fen, stipulation FROM problem_base LIMIT 12
2014-10-04 19:22:19	: start render page
2014-10-04 19:22:19	: user access level: 0
2014-10-04 19:22:19	: test function 'users_preload_page'
2014-10-04 19:22:19	: test function 'dgbase_preload_page'
2014-10-04 19:22:19	: test function 'users_start_build_header'
2014-10-04 19:22:19	: test function 'dgbase_start_build_header'
2014-10-04 19:22:19	: test function 'users_build_header'
2014-10-04 19:22:19	: test function 'dgbase_build_header'
2014-10-04 19:22:19	: call function 'dgbase_build_header' with param Array
2014-10-04 19:22:19	: <link rel='stylesheet' href='./modules/dgbase/dgbase.css' />
2014-10-04 19:22:19	: test function 'users_end_build_header'
2014-10-04 19:22:19	: test function 'dgbase_end_build_header'
2014-10-04 19:22:19	: style: 
<link rel='stylesheet' href='./modules/dgbase/dgbase.css' />
2014-10-04 19:22:19	: test function 'users_start_build_menu'
2014-10-04 19:22:19	: test function 'dgbase_start_build_menu'
2014-10-04 19:22:19	: SELECT * FROM menu_links WHERE menu_link_level<=0 AND menu_link_group='primary' ORDER BY menu_link_weight ASC
2014-10-04 19:22:19	: test function 'users_build_menu'
2014-10-04 19:22:19	: test function 'dgbase_build_menu'
2014-10-04 19:22:19	: test function 'users_build_menu'
2014-10-04 19:22:19	: test function 'dgbase_build_menu'
2014-10-04 19:22:19	: test function 'users_end_build_menu'
2014-10-04 19:22:19	: call function 'users_end_build_menu' with param 
2014-10-04 19:22:19	: test function 'dgbase_end_build_menu'
2014-10-04 19:22:19	: test function 'users_postload_page'
2014-10-04 19:22:19	: test function 'dgbase_postload_page'
2014-10-04 17:22:25	: SELECT * FROM config
2014-10-04 19:22:25	: included ./cache/modules.php file
2014-10-04 19:22:25	: included ./modules/users/users.exec.php file
2014-10-04 19:22:25	: 'Users' module is loaded
2014-10-04 19:22:25	: included ./modules/dgbase/dgbase.exec.php file
2014-10-04 19:22:25	: 'dgbase' module is loaded
2014-10-04 19:22:25	: test function 'users_problems_show'
2014-10-04 19:22:25	: test function 'dgbase_problems_show'
2014-10-04 19:22:25	: call function 'dgbase_problems_show' with param 
2014-10-04 19:22:25	: show all problems
2014-10-04 19:22:25	: SELECT pid, fen, stipulation FROM problem_base LIMIT 12
2014-10-04 19:22:25	: start render page
2014-10-04 19:22:25	: user access level: 0
2014-10-04 19:22:25	: test function 'users_preload_page'
2014-10-04 19:22:25	: test function 'dgbase_preload_page'
2014-10-04 19:22:25	: test function 'users_start_build_header'
2014-10-04 19:22:25	: test function 'dgbase_start_build_header'
2014-10-04 19:22:25	: test function 'users_build_header'
2014-10-04 19:22:25	: test function 'dgbase_build_header'
2014-10-04 19:22:25	: call function 'dgbase_build_header' with param Array
2014-10-04 19:22:25	: <link rel='stylesheet' href='./modules/dgbase/dgbase.css' />
2014-10-04 19:22:25	: test function 'users_end_build_header'
2014-10-04 19:22:25	: test function 'dgbase_end_build_header'
2014-10-04 19:22:25	: style: 
<link rel='stylesheet' href='./modules/dgbase/dgbase.css' />
2014-10-04 19:22:25	: test function 'users_start_build_menu'
2014-10-04 19:22:25	: test function 'dgbase_start_build_menu'
2014-10-04 19:22:25	: SELECT * FROM menu_links WHERE menu_link_level<=0 AND menu_link_group='primary' ORDER BY menu_link_weight ASC
2014-10-04 19:22:25	: test function 'users_build_menu'
2014-10-04 19:22:25	: test function 'dgbase_build_menu'
2014-10-04 19:22:25	: test function 'users_build_menu'
2014-10-04 19:22:25	: test function 'dgbase_build_menu'
2014-10-04 19:22:25	: test function 'users_end_build_menu'
2014-10-04 19:22:25	: call function 'users_end_build_menu' with param 
2014-10-04 19:22:25	: test function 'dgbase_end_build_menu'
2014-10-04 19:22:25	: test function 'users_postload_page'
2014-10-04 19:22:25	: test function 'dgbase_postload_page'
2014-10-07 17:33:51	: SELECT * FROM config
2014-10-07 19:33:51	: included ./cache/modules.php file
2014-10-07 19:33:51	: included ./modules/users/users.exec.php file
2014-10-07 19:33:51	: 'Users' module is loaded
2014-10-07 19:33:51	: included ./modules/dgbase/dgbase.exec.php file
2014-10-07 19:33:51	: 'dgbase' module is loaded
2014-10-07 19:33:51	: start render page
2014-10-07 19:33:51	: user access level: 0
2014-10-07 19:33:51	: test function 'users_preload_page'
2014-10-07 19:33:51	: test function 'dgbase_preload_page'
2014-10-07 19:33:51	: test function 'users_start_build_header'
2014-10-07 19:33:51	: test function 'dgbase_start_build_header'
2014-10-07 19:33:51	: test function 'users_build_header'
2014-10-07 19:33:51	: test function 'dgbase_build_header'
2014-10-07 19:33:51	: call function 'dgbase_build_header' with param Array
2014-10-07 19:33:51	: <link rel='stylesheet' href='./modules/dgbase/dgbase.css' />
2014-10-07 19:33:51	: test function 'users_end_build_header'
2014-10-07 19:33:51	: test function 'dgbase_end_build_header'
2014-10-07 19:33:52	: style: 
<link rel='stylesheet' href='./modules/dgbase/dgbase.css' />
2014-10-07 19:33:52	: test function 'users_start_build_menu'
2014-10-07 19:33:52	: test function 'dgbase_start_build_menu'
2014-10-07 19:33:52	: SELECT * FROM menu_links WHERE menu_link_level<=0 AND menu_link_group='primary' ORDER BY menu_link_weight ASC
2014-10-07 19:33:52	: test function 'users_build_menu'
2014-10-07 19:33:52	: test function 'dgbase_build_menu'
2014-10-07 19:33:52	: test function 'users_build_menu'
2014-10-07 19:33:52	: test function 'dgbase_build_menu'
2014-10-07 19:33:52	: test function 'users_end_build_menu'
2014-10-07 19:33:52	: call function 'users_end_build_menu' with param 
2014-10-07 19:33:52	: test function 'dgbase_end_build_menu'
2014-10-07 19:33:52	: test function 'users_postload_page'
2014-10-07 19:33:52	: test function 'dgbase_postload_page'
